<?xml version="1.0" encoding="UTF-8"?>
<!-- Generated by org.testng.reporters.JUnitReportReporter -->
<testsuite hostname="LAPTOP-CQGUA4B8" failures="0" tests="1" name="testrunners.EmployeeLoginTest" time="7.732" errors="0" timestamp="2024-01-28T18:56:16 IST" skipped="0">
  <testcase classname="testrunners.EmployeeLoginTest" name="runScenario" time="7.732"/>
  <system-out/>
</testsuite> <!-- testrunners.EmployeeLoginTest -->
