<?xml version="1.0" encoding="UTF-8"?>
<!-- Generated by org.testng.reporters.JUnitReportReporter -->
<testsuite hostname="LAPTOP-CQGUA4B8" failures="0" tests="4" name="testrunners.AdminLoginTest" time="0.165" errors="0" timestamp="2024-01-28T18:56:16 IST" skipped="0">
  <testcase classname="testrunners.AdminLoginTest" name="runScenario" time="0.125"/>
  <system-out/>
  <testcase classname="testrunners.AdminLoginTest" name="runScenario" time="0.018"/>
  <system-out/>
  <testcase classname="testrunners.AdminLoginTest" name="runScenario" time="0.011"/>
  <system-out/>
  <testcase classname="testrunners.AdminLoginTest" name="runScenario" time="0.011"/>
  <system-out/>
</testsuite> <!-- testrunners.AdminLoginTest -->
